<?xml version="1.0" encoding="UTF-8"?>
<coverage generated="1744778686279" clover="3.2.0">
  <project timestamp="1744778686279" name="All files">
    <metrics statements="57" coveredstatements="51" conditionals="31" coveredconditionals="22" methods="13" coveredmethods="7" elements="101" coveredelements="80" complexity="0" loc="57" ncloc="57" packages="1" files="1" classes="1"/>
    <file name="FileDataTable.jsx" path="C:\Users\cesar\OneDrive\Documentos\api-challenge-frontend\src\components\FileDataTable.jsx">
      <metrics statements="57" coveredstatements="51" conditionals="31" coveredconditionals="22" methods="13" coveredmethods="7"/>
      <line num="13" count="25" type="stmt"/>
      <line num="14" count="24" type="stmt"/>
      <line num="15" count="24" type="stmt"/>
      <line num="16" count="24" type="stmt"/>
      <line num="17" count="24" type="stmt"/>
      <line num="18" count="24" type="stmt"/>
      <line num="19" count="24" type="stmt"/>
      <line num="20" count="24" type="stmt"/>
      <line num="22" count="24" type="cond" truecount="0" falsecount="1"/>
      <line num="28" count="10" type="stmt"/>
      <line num="30" count="10" type="stmt"/>
      <line num="31" count="10" type="stmt"/>
      <line num="32" count="10" type="stmt"/>
      <line num="34" count="10" type="stmt"/>
      <line num="35" count="10" type="cond" truecount="2" falsecount="0"/>
      <line num="36" count="10" type="cond" truecount="2" falsecount="0"/>
      <line num="37" count="10" type="stmt"/>
      <line num="38" count="10" type="stmt"/>
      <line num="40" count="10" type="stmt"/>
      <line num="41" count="10" type="cond" truecount="2" falsecount="0"/>
      <line num="42" count="1" type="stmt"/>
      <line num="45" count="9" type="stmt"/>
      <line num="46" count="9" type="cond" truecount="0" falsecount="2"/>
      <line num="48" count="9" type="cond" truecount="1" falsecount="1"/>
      <line num="49" count="9" type="stmt"/>
      <line num="51" count="0" type="stmt"/>
      <line num="54" count="9" type="stmt"/>
      <line num="55" count="9" type="stmt"/>
      <line num="57" count="1" type="stmt"/>
      <line num="58" count="1" type="cond" truecount="1" falsecount="1"/>
      <line num="59" count="1" type="stmt"/>
      <line num="60" count="1" type="stmt"/>
      <line num="61" count="1" type="stmt"/>
      <line num="64" count="10" type="stmt"/>
      <line num="68" count="24" type="stmt"/>
      <line num="69" count="7" type="stmt"/>
      <line num="72" count="24" type="stmt"/>
      <line num="73" count="1" type="stmt"/>
      <line num="74" count="1" type="stmt"/>
      <line num="77" count="24" type="stmt"/>
      <line num="78" count="1" type="stmt"/>
      <line num="79" count="1" type="stmt"/>
      <line num="80" count="1" type="stmt"/>
      <line num="81" count="1" type="stmt"/>
      <line num="84" count="24" type="stmt"/>
      <line num="85" count="1" type="stmt"/>
      <line num="86" count="1" type="stmt"/>
      <line num="87" count="1" type="stmt"/>
      <line num="88" count="1" type="stmt"/>
      <line num="91" count="24" type="stmt"/>
      <line num="92" count="0" type="stmt"/>
      <line num="95" count="24" type="stmt"/>
      <line num="104" count="2" type="stmt"/>
      <line num="106" count="0" type="cond" truecount="0" falsecount="2"/>
      <line num="107" count="0" type="stmt"/>
      <line num="108" count="0" type="stmt"/>
      <line num="149" count="0" type="stmt"/>
    </file>
  </project>
</coverage>
