{"C:\\Users\\cesar\\OneDrive\\Documentos\\api-challenge-frontend\\src\\components\\FileDataTable.jsx": {"path":"C:\\Users\\cesar\\OneDrive\\Documentos\\api-challenge-frontend\\src\\components\\FileDataTable.jsx","statementMap":{"0":{"start":{"line":13,"column":26},"end":{"line":13,"column":38}},"1":{"start":{"line":14,"column":34},"end":{"line":14,"column":46}},"2":{"start":{"line":15,"column":42},"end":{"line":15,"column":57}},"3":{"start":{"line":16,"column":32},"end":{"line":16,"column":47}},"4":{"start":{"line":17,"column":28},"end":{"line":17,"column":42}},"5":{"start":{"line":18,"column":30},"end":{"line":18,"column":41}},"6":{"start":{"line":19,"column":18},"end":{"line":19,"column":30}},"7":{"start":{"line":20,"column":32},"end":{"line":20,"column":46}},"8":{"start":{"line":22,"column":20},"end":{"line":66,"column":3}},"9":{"start":{"line":28,"column":8},"end":{"line":28,"column":15}},"10":{"start":{"line":30,"column":4},"end":{"line":65,"column":5}},"11":{"start":{"line":31,"column":6},"end":{"line":31,"column":22}},"12":{"start":{"line":32,"column":6},"end":{"line":32,"column":20}},"13":{"start":{"line":34,"column":21},"end":{"line":34,"column":42}},"14":{"start":{"line":35,"column":6},"end":{"line":35,"column":55}},"15":{"start":{"line":35,"column":20},"end":{"line":35,"column":55}},"16":{"start":{"line":36,"column":6},"end":{"line":36,"column":61}},"17":{"start":{"line":36,"column":24},"end":{"line":36,"column":61}},"18":{"start":{"line":37,"column":6},"end":{"line":37,"column":35}},"19":{"start":{"line":38,"column":6},"end":{"line":38,"column":44}},"20":{"start":{"line":40,"column":23},"end":{"line":40,"column":80}},"21":{"start":{"line":41,"column":6},"end":{"line":43,"column":7}},"22":{"start":{"line":42,"column":8},"end":{"line":42,"column":56}},"23":{"start":{"line":45,"column":21},"end":{"line":45,"column":42}},"24":{"start":{"line":46,"column":22},"end":{"line":46,"column":107}},"25":{"start":{"line":46,"column":45},"end":{"line":46,"column":106}},"26":{"start":{"line":46,"column":70},"end":{"line":46,"column":98}},"27":{"start":{"line":48,"column":6},"end":{"line":52,"column":7}},"28":{"start":{"line":49,"column":8},"end":{"line":49,"column":24}},"29":{"start":{"line":51,"column":8},"end":{"line":51,"column":46}},"30":{"start":{"line":51,"column":24},"end":{"line":51,"column":45}},"31":{"start":{"line":54,"column":6},"end":{"line":54,"column":42}},"32":{"start":{"line":55,"column":6},"end":{"line":55,"column":38}},"33":{"start":{"line":57,"column":6},"end":{"line":57,"column":27}},"34":{"start":{"line":58,"column":6},"end":{"line":62,"column":7}},"35":{"start":{"line":59,"column":8},"end":{"line":59,"column":19}},"36":{"start":{"line":60,"column":8},"end":{"line":60,"column":20}},"37":{"start":{"line":61,"column":8},"end":{"line":61,"column":25}},"38":{"start":{"line":64,"column":6},"end":{"line":64,"column":23}},"39":{"start":{"line":68,"column":2},"end":{"line":70,"column":8}},"40":{"start":{"line":69,"column":4},"end":{"line":69,"column":48}},"41":{"start":{"line":72,"column":23},"end":{"line":75,"column":3}},"42":{"start":{"line":73,"column":4},"end":{"line":73,"column":16}},"43":{"start":{"line":74,"column":4},"end":{"line":74,"column":72}},"44":{"start":{"line":77,"column":22},"end":{"line":82,"column":3}},"45":{"start":{"line":78,"column":4},"end":{"line":78,"column":19}},"46":{"start":{"line":79,"column":4},"end":{"line":79,"column":26}},"47":{"start":{"line":80,"column":4},"end":{"line":80,"column":16}},"48":{"start":{"line":81,"column":4},"end":{"line":81,"column":48}},"49":{"start":{"line":84,"column":28},"end":{"line":89,"column":3}},"50":{"start":{"line":85,"column":23},"end":{"line":85,"column":36}},"51":{"start":{"line":86,"column":4},"end":{"line":86,"column":31}},"52":{"start":{"line":87,"column":4},"end":{"line":87,"column":16}},"53":{"start":{"line":88,"column":4},"end":{"line":88,"column":84}},"54":{"start":{"line":91,"column":25},"end":{"line":93,"column":3}},"55":{"start":{"line":92,"column":4},"end":{"line":92,"column":78}},"56":{"start":{"line":95,"column":2},"end":{"line":165,"column":3}},"57":{"start":{"line":104,"column":27},"end":{"line":104,"column":54}},"58":{"start":{"line":106,"column":12},"end":{"line":109,"column":13}},"59":{"start":{"line":107,"column":16},"end":{"line":107,"column":35}},"60":{"start":{"line":108,"column":16},"end":{"line":108,"column":31}},"61":{"start":{"line":149,"column":12},"end":{"line":154,"column":17}}},"fnMap":{"0":{"name":"FileDataTable","decl":{"start":{"line":12,"column":9},"end":{"line":12,"column":22}},"loc":{"start":{"line":12,"column":26},"end":{"line":166,"column":1}},"line":12},"1":{"name":"(anonymous_1)","decl":{"start":{"line":22,"column":20},"end":{"line":22,"column":21}},"loc":{"start":{"line":22,"column":44},"end":{"line":66,"column":3}},"line":22},"2":{"name":"(anonymous_2)","decl":{"start":{"line":46,"column":37},"end":{"line":46,"column":38}},"loc":{"start":{"line":46,"column":45},"end":{"line":46,"column":106}},"line":46},"3":{"name":"(anonymous_3)","decl":{"start":{"line":46,"column":61},"end":{"line":46,"column":62}},"loc":{"start":{"line":46,"column":70},"end":{"line":46,"column":98}},"line":46},"4":{"name":"(anonymous_4)","decl":{"start":{"line":51,"column":16},"end":{"line":51,"column":17}},"loc":{"start":{"line":51,"column":24},"end":{"line":51,"column":45}},"line":51},"5":{"name":"(anonymous_5)","decl":{"start":{"line":68,"column":12},"end":{"line":68,"column":13}},"loc":{"start":{"line":68,"column":18},"end":{"line":70,"column":3}},"line":68},"6":{"name":"(anonymous_6)","decl":{"start":{"line":72,"column":23},"end":{"line":72,"column":24}},"loc":{"start":{"line":72,"column":29},"end":{"line":75,"column":3}},"line":72},"7":{"name":"(anonymous_7)","decl":{"start":{"line":77,"column":22},"end":{"line":77,"column":23}},"loc":{"start":{"line":77,"column":28},"end":{"line":82,"column":3}},"line":77},"8":{"name":"(anonymous_8)","decl":{"start":{"line":84,"column":28},"end":{"line":84,"column":29}},"loc":{"start":{"line":84,"column":34},"end":{"line":89,"column":3}},"line":84},"9":{"name":"(anonymous_9)","decl":{"start":{"line":91,"column":25},"end":{"line":91,"column":26}},"loc":{"start":{"line":91,"column":31},"end":{"line":93,"column":3}},"line":91},"10":{"name":"(anonymous_10)","decl":{"start":{"line":104,"column":22},"end":{"line":104,"column":23}},"loc":{"start":{"line":104,"column":27},"end":{"line":104,"column":54}},"line":104},"11":{"name":"(anonymous_11)","decl":{"start":{"line":105,"column":23},"end":{"line":105,"column":24}},"loc":{"start":{"line":105,"column":28},"end":{"line":110,"column":13}},"line":105},"12":{"name":"(anonymous_12)","decl":{"start":{"line":148,"column":20},"end":{"line":148,"column":21}},"loc":{"start":{"line":149,"column":12},"end":{"line":154,"column":17}},"line":149}},"branchMap":{"0":{"loc":{"start":{"line":22,"column":27},"end":{"line":22,"column":39}},"type":"default-arg","locations":[{"start":{"line":22,"column":37},"end":{"line":22,"column":39}}],"line":22},"1":{"loc":{"start":{"line":24,"column":6},"end":{"line":24,"column":19}},"type":"default-arg","locations":[{"start":{"line":24,"column":17},"end":{"line":24,"column":19}}],"line":24},"2":{"loc":{"start":{"line":25,"column":6},"end":{"line":25,"column":26}},"type":"default-arg","locations":[{"start":{"line":25,"column":21},"end":{"line":25,"column":26}}],"line":25},"3":{"loc":{"start":{"line":26,"column":6},"end":{"line":26,"column":19}},"type":"default-arg","locations":[{"start":{"line":26,"column":14},"end":{"line":26,"column":19}}],"line":26},"4":{"loc":{"start":{"line":27,"column":6},"end":{"line":27,"column":28}},"type":"default-arg","locations":[{"start":{"line":27,"column":22},"end":{"line":27,"column":28}}],"line":27},"5":{"loc":{"start":{"line":35,"column":6},"end":{"line":35,"column":55}},"type":"if","locations":[{"start":{"line":35,"column":6},"end":{"line":35,"column":55}},{"start":{},"end":{}}],"line":35},"6":{"loc":{"start":{"line":36,"column":6},"end":{"line":36,"column":61}},"type":"if","locations":[{"start":{"line":36,"column":6},"end":{"line":36,"column":61}},{"start":{},"end":{}}],"line":36},"7":{"loc":{"start":{"line":41,"column":6},"end":{"line":43,"column":7}},"type":"if","locations":[{"start":{"line":41,"column":6},"end":{"line":43,"column":7}},{"start":{},"end":{}}],"line":41},"8":{"loc":{"start":{"line":46,"column":45},"end":{"line":46,"column":106}},"type":"binary-expr","locations":[{"start":{"line":46,"column":45},"end":{"line":46,"column":100}},{"start":{"line":46,"column":104},"end":{"line":46,"column":106}}],"line":46},"9":{"loc":{"start":{"line":48,"column":6},"end":{"line":52,"column":7}},"type":"if","locations":[{"start":{"line":48,"column":6},"end":{"line":52,"column":7}},{"start":{"line":50,"column":13},"end":{"line":52,"column":7}}],"line":48},"10":{"loc":{"start":{"line":58,"column":6},"end":{"line":62,"column":7}},"type":"if","locations":[{"start":{"line":58,"column":6},"end":{"line":62,"column":7}},{"start":{},"end":{}}],"line":58},"11":{"loc":{"start":{"line":106,"column":12},"end":{"line":109,"column":13}},"type":"if","locations":[{"start":{"line":106,"column":12},"end":{"line":109,"column":13}},{"start":{},"end":{}}],"line":106},"12":{"loc":{"start":{"line":115,"column":21},"end":{"line":115,"column":67}},"type":"cond-expr","locations":[{"start":{"line":115,"column":36},"end":{"line":115,"column":45}},{"start":{"line":115,"column":48},"end":{"line":115,"column":67}}],"line":115},"13":{"loc":{"start":{"line":123,"column":7},"end":{"line":127,"column":7}},"type":"binary-expr","locations":[{"start":{"line":123,"column":7},"end":{"line":123,"column":14}},{"start":{"line":124,"column":8},"end":{"line":126,"column":14}}],"line":123},"14":{"loc":{"start":{"line":129,"column":7},"end":{"line":131,"column":7}},"type":"binary-expr","locations":[{"start":{"line":129,"column":7},"end":{"line":129,"column":12}},{"start":{"line":130,"column":8},"end":{"line":130,"column":48}}],"line":129},"15":{"loc":{"start":{"line":143,"column":11},"end":{"line":147,"column":11}},"type":"binary-expr","locations":[{"start":{"line":143,"column":11},"end":{"line":143,"column":28}},{"start":{"line":143,"column":32},"end":{"line":143,"column":40}},{"start":{"line":144,"column":12},"end":{"line":146,"column":17}}],"line":143},"16":{"loc":{"start":{"line":159,"column":7},"end":{"line":163,"column":7}},"type":"binary-expr","locations":[{"start":{"line":159,"column":7},"end":{"line":159,"column":15}},{"start":{"line":159,"column":19},"end":{"line":159,"column":26}},{"start":{"line":160,"column":8},"end":{"line":162,"column":14}}],"line":159}},"s":{"0":25,"1":24,"2":24,"3":24,"4":24,"5":24,"6":24,"7":24,"8":24,"9":10,"10":10,"11":10,"12":10,"13":10,"14":10,"15":1,"16":10,"17":1,"18":10,"19":10,"20":10,"21":10,"22":1,"23":9,"24":9,"25":0,"26":0,"27":9,"28":9,"29":0,"30":0,"31":9,"32":9,"33":1,"34":1,"35":1,"36":1,"37":1,"38":10,"39":24,"40":7,"41":24,"42":1,"43":1,"44":24,"45":1,"46":1,"47":1,"48":1,"49":24,"50":1,"51":1,"52":1,"53":1,"54":24,"55":0,"56":24,"57":2,"58":0,"59":0,"60":0,"61":0},"f":{"0":25,"1":10,"2":0,"3":0,"4":0,"5":7,"6":1,"7":1,"8":1,"9":0,"10":2,"11":0,"12":0},"b":{"0":[0],"1":[8],"2":[8],"3":[0],"4":[0],"5":[1,9],"6":[1,9],"7":[1,9],"8":[0,0],"9":[9,0],"10":[1,0],"11":[0,0],"12":[1,23],"13":[24,11],"14":[24,1],"15":[24,24,13],"16":[24,13,7]},"_coverageSchema":"1a1c01bbd47fc00a2c39e90264f33305004495a9","hash":"8ced7ec566aacbd5050c310fdcbc602da734dc64"}
}
