TN:
SF:src\components\FileDataTable.jsx
FN:12,FileDataTable
FN:22,(anonymous_1)
FN:46,(anonymous_2)
FN:46,(anonymous_3)
FN:51,(anonymous_4)
FN:68,(anonymous_5)
FN:72,(anonymous_6)
FN:77,(anonymous_7)
FN:84,(anonymous_8)
FN:91,(anonymous_9)
FN:104,(anonymous_10)
FN:105,(anonymous_11)
FN:148,(anonymous_12)
FNF:13
FNH:7
FNDA:25,FileDataTable
FNDA:10,(anonymous_1)
FNDA:0,(anonymous_2)
FNDA:0,(anonymous_3)
FNDA:0,(anonymous_4)
FNDA:7,(anonymous_5)
FNDA:1,(anonymous_6)
FNDA:1,(anonymous_7)
FNDA:1,(anonymous_8)
FNDA:0,(anonymous_9)
FNDA:2,(anonymous_10)
FNDA:0,(anonymous_11)
FNDA:0,(anonymous_12)
DA:13,25
DA:14,24
DA:15,24
DA:16,24
DA:17,24
DA:18,24
DA:19,24
DA:20,24
DA:22,24
DA:28,10
DA:30,10
DA:31,10
DA:32,10
DA:34,10
DA:35,10
DA:36,10
DA:37,10
DA:38,10
DA:40,10
DA:41,10
DA:42,1
DA:45,9
DA:46,9
DA:48,9
DA:49,9
DA:51,0
DA:54,9
DA:55,9
DA:57,1
DA:58,1
DA:59,1
DA:60,1
DA:61,1
DA:64,10
DA:68,24
DA:69,7
DA:72,24
DA:73,1
DA:74,1
DA:77,24
DA:78,1
DA:79,1
DA:80,1
DA:81,1
DA:84,24
DA:85,1
DA:86,1
DA:87,1
DA:88,1
DA:91,24
DA:92,0
DA:95,24
DA:104,2
DA:106,0
DA:107,0
DA:108,0
DA:149,0
LF:57
LH:51
BRDA:22,0,0,0
BRDA:24,1,0,8
BRDA:25,2,0,8
BRDA:26,3,0,0
BRDA:27,4,0,0
BRDA:35,5,0,1
BRDA:35,5,1,9
BRDA:36,6,0,1
BRDA:36,6,1,9
BRDA:41,7,0,1
BRDA:41,7,1,9
BRDA:46,8,0,0
BRDA:46,8,1,0
BRDA:48,9,0,9
BRDA:48,9,1,0
BRDA:58,10,0,1
BRDA:58,10,1,0
BRDA:106,11,0,0
BRDA:106,11,1,0
BRDA:115,12,0,1
BRDA:115,12,1,23
BRDA:123,13,0,24
BRDA:123,13,1,11
BRDA:129,14,0,24
BRDA:129,14,1,1
BRDA:143,15,0,24
BRDA:143,15,1,24
BRDA:143,15,2,13
BRDA:159,16,0,24
BRDA:159,16,1,13
BRDA:159,16,2,7
BRF:31
BRH:22
end_of_record
